2021-12-13 21:12:821 INFO  ManageDriver :35 - Launching chrome 
2021-12-13 21:12:569 INFO  ManageDriver :35 - Launching chrome 
2021-12-13 21:12:281 INFO  ManageDriver :35 - Launching chrome 
2021-12-13 21:12:354 INFO  ManageDriver :35 - Launching chrome 
2021-12-13 21:12:771 INFO  ManageDriver :35 - Launching chrome 
2021-12-15 21:12:455 INFO  ManageDriver :33 - Launching chrome 
2021-12-15 21:12:913 INFO  StartPage :31 - Clicking on 'Accept All' Cookies  [[ChromeDriver: chrome on WINDOWS (8a810a435566a0de475c5151342bdadb)] -> xpath: //button[normalize-space()='Accept additional cookies']]
2021-12-15 21:12:400 INFO  StartPage :33 - Clicking on 'Start Now' button  [[ChromeDriver: chrome on WINDOWS (8a810a435566a0de475c5151342bdadb)] -> xpath: //a[normalize-space()='Start now']]
2021-12-15 21:12:560 INFO  SelectNationalityPage :34 - Selecting Nationality  [[ChromeDriver: chrome on WINDOWS (8a810a435566a0de475c5151342bdadb)] -> xpath: //select[@id='response']]
2021-12-15 21:12:875 INFO  SelectNationalityPage :38 - Clicking on continue button  [[ChromeDriver: chrome on WINDOWS (8a810a435566a0de475c5151342bdadb)] -> xpath: //button[normalize-space()='Continue']]
2021-12-15 21:12:18 INFO  ReasonForTravelPage :44 - Selecting Reason for visit  [[[ChromeDriver: chrome on WINDOWS (8a810a435566a0de475c5151342bdadb)] -> xpath: //div[@class='govuk-radios']//label], [[ChromeDriver: chrome on WINDOWS (8a810a435566a0de475c5151342bdadb)] -> xpath: //div[@class='govuk-radios']//label], [[ChromeDriver: chrome on WINDOWS (8a810a435566a0de475c5151342bdadb)] -> xpath: //div[@class='govuk-radios']//label], [[ChromeDriver: chrome on WINDOWS (8a810a435566a0de475c5151342bdadb)] -> xpath: //div[@class='govuk-radios']//label], [[ChromeDriver: chrome on WINDOWS (8a810a435566a0de475c5151342bdadb)] -> xpath: //div[@class='govuk-radios']//label], [[ChromeDriver: chrome on WINDOWS (8a810a435566a0de475c5151342bdadb)] -> xpath: //div[@class='govuk-radios']//label], [[ChromeDriver: chrome on WINDOWS (8a810a435566a0de475c5151342bdadb)] -> xpath: //div[@class='govuk-radios']//label], [[ChromeDriver: chrome on WINDOWS (8a810a435566a0de475c5151342bdadb)] -> xpath: //div[@class='govuk-radios']//label], [[ChromeDriver: chrome on WINDOWS (8a810a435566a0de475c5151342bdadb)] -> xpath: //div[@class='govuk-radios']//label]]
2021-12-15 21:12:566 INFO  SelectNationalityPage :38 - Clicking on continue button  [[ChromeDriver: chrome on WINDOWS (8a810a435566a0de475c5151342bdadb)] -> xpath: //button[normalize-space()='Continue']]
2021-12-15 21:12:622 INFO  ResultPage :34 - Getting result message [[ChromeDriver: chrome on WINDOWS (8a810a435566a0de475c5151342bdadb)] -> xpath: //h2[@class='gem-c-heading gem-c-heading--font-size-27 govuk-!-margin-bottom-6']]
2021-12-15 21:12:625 INFO  ResultPage :44 - Verifying message You will not need a visa to come to the UK
2021-12-15 21:12:582 INFO  ManageDriver :33 - Launching chrome 
2021-12-15 21:12:405 INFO  StartPage :31 - Clicking on 'Accept All' Cookies  [[ChromeDriver: chrome on WINDOWS (96baca4243c3ca2a3c37fe69adf0dbc4)] -> xpath: //button[normalize-space()='Accept additional cookies']]
2021-12-15 21:12:798 INFO  StartPage :33 - Clicking on 'Start Now' button  [[ChromeDriver: chrome on WINDOWS (96baca4243c3ca2a3c37fe69adf0dbc4)] -> xpath: //a[normalize-space()='Start now']]
2021-12-15 21:12:900 INFO  SelectNationalityPage :34 - Selecting Nationality  [[ChromeDriver: chrome on WINDOWS (96baca4243c3ca2a3c37fe69adf0dbc4)] -> xpath: //select[@id='response']]
2021-12-15 21:12:222 INFO  SelectNationalityPage :38 - Clicking on continue button  [[ChromeDriver: chrome on WINDOWS (96baca4243c3ca2a3c37fe69adf0dbc4)] -> xpath: //button[normalize-space()='Continue']]
2021-12-15 21:12:357 INFO  ReasonForTravelPage :44 - Selecting Reason for visit  [[[ChromeDriver: chrome on WINDOWS (96baca4243c3ca2a3c37fe69adf0dbc4)] -> xpath: //div[@class='govuk-radios']//label], [[ChromeDriver: chrome on WINDOWS (96baca4243c3ca2a3c37fe69adf0dbc4)] -> xpath: //div[@class='govuk-radios']//label], [[ChromeDriver: chrome on WINDOWS (96baca4243c3ca2a3c37fe69adf0dbc4)] -> xpath: //div[@class='govuk-radios']//label], [[ChromeDriver: chrome on WINDOWS (96baca4243c3ca2a3c37fe69adf0dbc4)] -> xpath: //div[@class='govuk-radios']//label], [[ChromeDriver: chrome on WINDOWS (96baca4243c3ca2a3c37fe69adf0dbc4)] -> xpath: //div[@class='govuk-radios']//label], [[ChromeDriver: chrome on WINDOWS (96baca4243c3ca2a3c37fe69adf0dbc4)] -> xpath: //div[@class='govuk-radios']//label], [[ChromeDriver: chrome on WINDOWS (96baca4243c3ca2a3c37fe69adf0dbc4)] -> xpath: //div[@class='govuk-radios']//label], [[ChromeDriver: chrome on WINDOWS (96baca4243c3ca2a3c37fe69adf0dbc4)] -> xpath: //div[@class='govuk-radios']//label], [[ChromeDriver: chrome on WINDOWS (96baca4243c3ca2a3c37fe69adf0dbc4)] -> xpath: //div[@class='govuk-radios']//label]]
2021-12-15 21:12:905 INFO  SelectNationalityPage :38 - Clicking on continue button  [[ChromeDriver: chrome on WINDOWS (96baca4243c3ca2a3c37fe69adf0dbc4)] -> xpath: //button[normalize-space()='Continue']]
2021-12-15 21:12:999 INFO  DurationOfStayPage :47 - Selecting length of stay: [[[ChromeDriver: chrome on WINDOWS (96baca4243c3ca2a3c37fe69adf0dbc4)] -> xpath: //input[@type='radio']], [[ChromeDriver: chrome on WINDOWS (96baca4243c3ca2a3c37fe69adf0dbc4)] -> xpath: //input[@type='radio']]]
2021-12-15 21:12:415 INFO  SelectNationalityPage :38 - Clicking on continue button  [[ChromeDriver: chrome on WINDOWS (96baca4243c3ca2a3c37fe69adf0dbc4)] -> xpath: //button[normalize-space()='Continue']]
2021-12-15 21:12:527 INFO  WorkTypePage :38 - Selecting Job Type  [[[ChromeDriver: chrome on WINDOWS (96baca4243c3ca2a3c37fe69adf0dbc4)] -> xpath: //div[@class='govuk-radios']//label], [[ChromeDriver: chrome on WINDOWS (96baca4243c3ca2a3c37fe69adf0dbc4)] -> xpath: //div[@class='govuk-radios']//label], [[ChromeDriver: chrome on WINDOWS (96baca4243c3ca2a3c37fe69adf0dbc4)] -> xpath: //div[@class='govuk-radios']//label], [[ChromeDriver: chrome on WINDOWS (96baca4243c3ca2a3c37fe69adf0dbc4)] -> xpath: //div[@class='govuk-radios']//label], [[ChromeDriver: chrome on WINDOWS (96baca4243c3ca2a3c37fe69adf0dbc4)] -> xpath: //div[@class='govuk-radios']//label], [[ChromeDriver: chrome on WINDOWS (96baca4243c3ca2a3c37fe69adf0dbc4)] -> xpath: //div[@class='govuk-radios']//label], [[ChromeDriver: chrome on WINDOWS (96baca4243c3ca2a3c37fe69adf0dbc4)] -> xpath: //div[@class='govuk-radios']//label], [[ChromeDriver: chrome on WINDOWS (96baca4243c3ca2a3c37fe69adf0dbc4)] -> xpath: //div[@class='govuk-radios']//label]]
2021-12-15 21:12:943 INFO  SelectNationalityPage :38 - Clicking on continue button  [[ChromeDriver: chrome on WINDOWS (96baca4243c3ca2a3c37fe69adf0dbc4)] -> xpath: //button[normalize-space()='Continue']]
2021-12-15 21:12:994 INFO  ResultPage :34 - Getting result message [[ChromeDriver: chrome on WINDOWS (96baca4243c3ca2a3c37fe69adf0dbc4)] -> xpath: //h2[@class='gem-c-heading gem-c-heading--font-size-27 govuk-!-margin-bottom-6']]
2021-12-15 21:12:995 INFO  ResultPage :44 - Verifying message You need a visa to work in health and care
2021-12-15 21:12:896 INFO  ManageDriver :33 - Launching chrome 
2021-12-15 21:12:786 INFO  StartPage :31 - Clicking on 'Accept All' Cookies  [[ChromeDriver: chrome on WINDOWS (a47fb9649e2501dae9ef4c1a1af497ae)] -> xpath: //button[normalize-space()='Accept additional cookies']]
2021-12-15 21:12:207 INFO  StartPage :33 - Clicking on 'Start Now' button  [[ChromeDriver: chrome on WINDOWS (a47fb9649e2501dae9ef4c1a1af497ae)] -> xpath: //a[normalize-space()='Start now']]
2021-12-15 21:12:313 INFO  SelectNationalityPage :34 - Selecting Nationality  [[ChromeDriver: chrome on WINDOWS (a47fb9649e2501dae9ef4c1a1af497ae)] -> xpath: //select[@id='response']]
2021-12-15 21:12:884 INFO  SelectNationalityPage :38 - Clicking on continue button  [[ChromeDriver: chrome on WINDOWS (a47fb9649e2501dae9ef4c1a1af497ae)] -> xpath: //button[normalize-space()='Continue']]
2021-12-15 21:12:52 INFO  ReasonForTravelPage :44 - Selecting Reason for visit  [[[ChromeDriver: chrome on WINDOWS (a47fb9649e2501dae9ef4c1a1af497ae)] -> xpath: //div[@class='govuk-radios']//label], [[ChromeDriver: chrome on WINDOWS (a47fb9649e2501dae9ef4c1a1af497ae)] -> xpath: //div[@class='govuk-radios']//label], [[ChromeDriver: chrome on WINDOWS (a47fb9649e2501dae9ef4c1a1af497ae)] -> xpath: //div[@class='govuk-radios']//label], [[ChromeDriver: chrome on WINDOWS (a47fb9649e2501dae9ef4c1a1af497ae)] -> xpath: //div[@class='govuk-radios']//label], [[ChromeDriver: chrome on WINDOWS (a47fb9649e2501dae9ef4c1a1af497ae)] -> xpath: //div[@class='govuk-radios']//label], [[ChromeDriver: chrome on WINDOWS (a47fb9649e2501dae9ef4c1a1af497ae)] -> xpath: //div[@class='govuk-radios']//label], [[ChromeDriver: chrome on WINDOWS (a47fb9649e2501dae9ef4c1a1af497ae)] -> xpath: //div[@class='govuk-radios']//label], [[ChromeDriver: chrome on WINDOWS (a47fb9649e2501dae9ef4c1a1af497ae)] -> xpath: //div[@class='govuk-radios']//label], [[ChromeDriver: chrome on WINDOWS (a47fb9649e2501dae9ef4c1a1af497ae)] -> xpath: //div[@class='govuk-radios']//label]]
2021-12-15 21:12:440 INFO  SelectNationalityPage :38 - Clicking on continue button  [[ChromeDriver: chrome on WINDOWS (a47fb9649e2501dae9ef4c1a1af497ae)] -> xpath: //button[normalize-space()='Continue']]
2021-12-15 21:12:545 INFO  FamilyImmigrationStatusPage :45 - Selecting immigration status  [[[ChromeDriver: chrome on WINDOWS (a47fb9649e2501dae9ef4c1a1af497ae)] -> xpath: //div[@class='govuk-radios']//label], [[ChromeDriver: chrome on WINDOWS (a47fb9649e2501dae9ef4c1a1af497ae)] -> xpath: //div[@class='govuk-radios']//label]]
2021-12-15 21:12:57 INFO  SelectNationalityPage :38 - Clicking on continue button  [[ChromeDriver: chrome on WINDOWS (a47fb9649e2501dae9ef4c1a1af497ae)] -> xpath: //button[normalize-space()='Continue']]
2021-12-15 21:12:114 INFO  ResultPage :34 - Getting result message [[ChromeDriver: chrome on WINDOWS (a47fb9649e2501dae9ef4c1a1af497ae)] -> xpath: //h2[@class='gem-c-heading gem-c-heading--font-size-27 govuk-!-margin-bottom-6']]
2021-12-15 21:12:115 INFO  ResultPage :44 - Verifying message You’ll need a visa to join your family or partner in the UK
2021-12-15 21:12:978 INFO  ManageDriver :33 - Launching chrome 
2021-12-15 21:12:862 INFO  StartPage :31 - Clicking on 'Accept All' Cookies  [[ChromeDriver: chrome on WINDOWS (db104f2ecff822123afd61827d9e9026)] -> xpath: //button[normalize-space()='Accept additional cookies']]
2021-12-15 21:12:250 INFO  StartPage :33 - Clicking on 'Start Now' button  [[ChromeDriver: chrome on WINDOWS (db104f2ecff822123afd61827d9e9026)] -> xpath: //a[normalize-space()='Start now']]
2021-12-15 21:12:389 INFO  SelectNationalityPage :34 - Selecting Nationality  [[ChromeDriver: chrome on WINDOWS (db104f2ecff822123afd61827d9e9026)] -> xpath: //select[@id='response']]
2021-12-15 21:12:681 INFO  SelectNationalityPage :38 - Clicking on continue button  [[ChromeDriver: chrome on WINDOWS (db104f2ecff822123afd61827d9e9026)] -> xpath: //button[normalize-space()='Continue']]
2021-12-15 21:12:789 INFO  ReasonForTravelPage :44 - Selecting Reason for visit  [[[ChromeDriver: chrome on WINDOWS (db104f2ecff822123afd61827d9e9026)] -> xpath: //div[@class='govuk-radios']//label], [[ChromeDriver: chrome on WINDOWS (db104f2ecff822123afd61827d9e9026)] -> xpath: //div[@class='govuk-radios']//label], [[ChromeDriver: chrome on WINDOWS (db104f2ecff822123afd61827d9e9026)] -> xpath: //div[@class='govuk-radios']//label], [[ChromeDriver: chrome on WINDOWS (db104f2ecff822123afd61827d9e9026)] -> xpath: //div[@class='govuk-radios']//label], [[ChromeDriver: chrome on WINDOWS (db104f2ecff822123afd61827d9e9026)] -> xpath: //div[@class='govuk-radios']//label], [[ChromeDriver: chrome on WINDOWS (db104f2ecff822123afd61827d9e9026)] -> xpath: //div[@class='govuk-radios']//label], [[ChromeDriver: chrome on WINDOWS (db104f2ecff822123afd61827d9e9026)] -> xpath: //div[@class='govuk-radios']//label], [[ChromeDriver: chrome on WINDOWS (db104f2ecff822123afd61827d9e9026)] -> xpath: //div[@class='govuk-radios']//label], [[ChromeDriver: chrome on WINDOWS (db104f2ecff822123afd61827d9e9026)] -> xpath: //div[@class='govuk-radios']//label]]
2021-12-15 21:12:169 INFO  SelectNationalityPage :38 - Clicking on continue button  [[ChromeDriver: chrome on WINDOWS (db104f2ecff822123afd61827d9e9026)] -> xpath: //button[normalize-space()='Continue']]
2021-12-15 21:12:223 INFO  ResultPage :34 - Getting result message [[ChromeDriver: chrome on WINDOWS (db104f2ecff822123afd61827d9e9026)] -> xpath: //h2[@class='gem-c-heading gem-c-heading--font-size-27 govuk-!-margin-bottom-6']]
2021-12-15 21:12:225 INFO  ResultPage :44 - Verifying message You will not need a visa to come to the UK
2021-12-15 21:12:165 INFO  ManageDriver :33 - Launching chrome 
2021-12-15 21:12:918 INFO  StartPage :31 - Clicking on 'Accept All' Cookies  [[ChromeDriver: chrome on WINDOWS (5966c1e3ac4ba2c9537b1a6f69b59e7f)] -> xpath: //button[normalize-space()='Accept additional cookies']]
2021-12-15 21:12:286 INFO  StartPage :33 - Clicking on 'Start Now' button  [[ChromeDriver: chrome on WINDOWS (5966c1e3ac4ba2c9537b1a6f69b59e7f)] -> xpath: //a[normalize-space()='Start now']]
2021-12-15 21:12:395 INFO  SelectNationalityPage :34 - Selecting Nationality  [[ChromeDriver: chrome on WINDOWS (5966c1e3ac4ba2c9537b1a6f69b59e7f)] -> xpath: //select[@id='response']]
2021-12-15 21:12:672 INFO  SelectNationalityPage :38 - Clicking on continue button  [[ChromeDriver: chrome on WINDOWS (5966c1e3ac4ba2c9537b1a6f69b59e7f)] -> xpath: //button[normalize-space()='Continue']]
2021-12-15 21:12:826 INFO  ReasonForTravelPage :44 - Selecting Reason for visit  [[[ChromeDriver: chrome on WINDOWS (5966c1e3ac4ba2c9537b1a6f69b59e7f)] -> xpath: //div[@class='govuk-radios']//label], [[ChromeDriver: chrome on WINDOWS (5966c1e3ac4ba2c9537b1a6f69b59e7f)] -> xpath: //div[@class='govuk-radios']//label], [[ChromeDriver: chrome on WINDOWS (5966c1e3ac4ba2c9537b1a6f69b59e7f)] -> xpath: //div[@class='govuk-radios']//label], [[ChromeDriver: chrome on WINDOWS (5966c1e3ac4ba2c9537b1a6f69b59e7f)] -> xpath: //div[@class='govuk-radios']//label], [[ChromeDriver: chrome on WINDOWS (5966c1e3ac4ba2c9537b1a6f69b59e7f)] -> xpath: //div[@class='govuk-radios']//label], [[ChromeDriver: chrome on WINDOWS (5966c1e3ac4ba2c9537b1a6f69b59e7f)] -> xpath: //div[@class='govuk-radios']//label], [[ChromeDriver: chrome on WINDOWS (5966c1e3ac4ba2c9537b1a6f69b59e7f)] -> xpath: //div[@class='govuk-radios']//label], [[ChromeDriver: chrome on WINDOWS (5966c1e3ac4ba2c9537b1a6f69b59e7f)] -> xpath: //div[@class='govuk-radios']//label], [[ChromeDriver: chrome on WINDOWS (5966c1e3ac4ba2c9537b1a6f69b59e7f)] -> xpath: //div[@class='govuk-radios']//label]]
2021-12-15 21:12:115 INFO  SelectNationalityPage :38 - Clicking on continue button  [[ChromeDriver: chrome on WINDOWS (5966c1e3ac4ba2c9537b1a6f69b59e7f)] -> xpath: //button[normalize-space()='Continue']]
2021-12-15 21:12:215 INFO  DurationOfStayPage :47 - Selecting length of stay: [[[ChromeDriver: chrome on WINDOWS (5966c1e3ac4ba2c9537b1a6f69b59e7f)] -> xpath: //input[@type='radio']], [[ChromeDriver: chrome on WINDOWS (5966c1e3ac4ba2c9537b1a6f69b59e7f)] -> xpath: //input[@type='radio']]]
2021-12-15 21:12:466 INFO  SelectNationalityPage :38 - Clicking on continue button  [[ChromeDriver: chrome on WINDOWS (5966c1e3ac4ba2c9537b1a6f69b59e7f)] -> xpath: //button[normalize-space()='Continue']]
2021-12-15 21:12:571 INFO  WorkTypePage :38 - Selecting Job Type  [[[ChromeDriver: chrome on WINDOWS (5966c1e3ac4ba2c9537b1a6f69b59e7f)] -> xpath: //div[@class='govuk-radios']//label], [[ChromeDriver: chrome on WINDOWS (5966c1e3ac4ba2c9537b1a6f69b59e7f)] -> xpath: //div[@class='govuk-radios']//label], [[ChromeDriver: chrome on WINDOWS (5966c1e3ac4ba2c9537b1a6f69b59e7f)] -> xpath: //div[@class='govuk-radios']//label], [[ChromeDriver: chrome on WINDOWS (5966c1e3ac4ba2c9537b1a6f69b59e7f)] -> xpath: //div[@class='govuk-radios']//label], [[ChromeDriver: chrome on WINDOWS (5966c1e3ac4ba2c9537b1a6f69b59e7f)] -> xpath: //div[@class='govuk-radios']//label], [[ChromeDriver: chrome on WINDOWS (5966c1e3ac4ba2c9537b1a6f69b59e7f)] -> xpath: //div[@class='govuk-radios']//label], [[ChromeDriver: chrome on WINDOWS (5966c1e3ac4ba2c9537b1a6f69b59e7f)] -> xpath: //div[@class='govuk-radios']//label], [[ChromeDriver: chrome on WINDOWS (5966c1e3ac4ba2c9537b1a6f69b59e7f)] -> xpath: //div[@class='govuk-radios']//label]]
2021-12-15 21:12:907 INFO  SelectNationalityPage :38 - Clicking on continue button  [[ChromeDriver: chrome on WINDOWS (5966c1e3ac4ba2c9537b1a6f69b59e7f)] -> xpath: //button[normalize-space()='Continue']]
2021-12-15 21:12:965 INFO  ResultPage :34 - Getting result message [[ChromeDriver: chrome on WINDOWS (5966c1e3ac4ba2c9537b1a6f69b59e7f)] -> xpath: //h2[@class='gem-c-heading gem-c-heading--font-size-27 govuk-!-margin-bottom-6']]
2021-12-15 21:12:965 INFO  ResultPage :44 - Verifying message You need a visa to work in health and care
2021-12-15 21:12:857 INFO  ManageDriver :33 - Launching chrome 
2021-12-15 21:12:461 INFO  StartPage :31 - Clicking on 'Accept All' Cookies  [[ChromeDriver: chrome on WINDOWS (1bd173f1d84d9a259c98884b34546347)] -> xpath: //button[normalize-space()='Accept additional cookies']]
2021-12-15 21:12:870 INFO  StartPage :33 - Clicking on 'Start Now' button  [[ChromeDriver: chrome on WINDOWS (1bd173f1d84d9a259c98884b34546347)] -> xpath: //a[normalize-space()='Start now']]
2021-12-15 21:12:984 INFO  SelectNationalityPage :34 - Selecting Nationality  [[ChromeDriver: chrome on WINDOWS (1bd173f1d84d9a259c98884b34546347)] -> xpath: //select[@id='response']]
2021-12-15 21:12:303 INFO  SelectNationalityPage :38 - Clicking on continue button  [[ChromeDriver: chrome on WINDOWS (1bd173f1d84d9a259c98884b34546347)] -> xpath: //button[normalize-space()='Continue']]
2021-12-15 21:12:465 INFO  ReasonForTravelPage :44 - Selecting Reason for visit  [[[ChromeDriver: chrome on WINDOWS (1bd173f1d84d9a259c98884b34546347)] -> xpath: //div[@class='govuk-radios']//label], [[ChromeDriver: chrome on WINDOWS (1bd173f1d84d9a259c98884b34546347)] -> xpath: //div[@class='govuk-radios']//label], [[ChromeDriver: chrome on WINDOWS (1bd173f1d84d9a259c98884b34546347)] -> xpath: //div[@class='govuk-radios']//label], [[ChromeDriver: chrome on WINDOWS (1bd173f1d84d9a259c98884b34546347)] -> xpath: //div[@class='govuk-radios']//label], [[ChromeDriver: chrome on WINDOWS (1bd173f1d84d9a259c98884b34546347)] -> xpath: //div[@class='govuk-radios']//label], [[ChromeDriver: chrome on WINDOWS (1bd173f1d84d9a259c98884b34546347)] -> xpath: //div[@class='govuk-radios']//label], [[ChromeDriver: chrome on WINDOWS (1bd173f1d84d9a259c98884b34546347)] -> xpath: //div[@class='govuk-radios']//label], [[ChromeDriver: chrome on WINDOWS (1bd173f1d84d9a259c98884b34546347)] -> xpath: //div[@class='govuk-radios']//label], [[ChromeDriver: chrome on WINDOWS (1bd173f1d84d9a259c98884b34546347)] -> xpath: //div[@class='govuk-radios']//label]]
2021-12-15 21:12:762 INFO  SelectNationalityPage :38 - Clicking on continue button  [[ChromeDriver: chrome on WINDOWS (1bd173f1d84d9a259c98884b34546347)] -> xpath: //button[normalize-space()='Continue']]
2021-12-15 21:12:858 INFO  FamilyImmigrationStatusPage :45 - Selecting immigration status  [[[ChromeDriver: chrome on WINDOWS (1bd173f1d84d9a259c98884b34546347)] -> xpath: //div[@class='govuk-radios']//label], [[ChromeDriver: chrome on WINDOWS (1bd173f1d84d9a259c98884b34546347)] -> xpath: //div[@class='govuk-radios']//label]]
2021-12-15 21:12:111 INFO  SelectNationalityPage :38 - Clicking on continue button  [[ChromeDriver: chrome on WINDOWS (1bd173f1d84d9a259c98884b34546347)] -> xpath: //button[normalize-space()='Continue']]
2021-12-15 21:12:161 INFO  ResultPage :34 - Getting result message [[ChromeDriver: chrome on WINDOWS (1bd173f1d84d9a259c98884b34546347)] -> xpath: //h2[@class='gem-c-heading gem-c-heading--font-size-27 govuk-!-margin-bottom-6']]
2021-12-15 21:12:162 INFO  ResultPage :44 - Verifying message You’ll need a visa to join your family or partner in the UK
